<?xml version="1.0" encoding="UTF-8"?>
<!-- Generated by org.testng.reporters.JUnitReportReporter -->
<testsuite skipped="0" hostname="DESKTOP-C64J8NP" name="test.TestInformation" tests="12" failures="0" timestamp="05 Aug 2020 13:14:54 GMT" time="71.567" errors="0">
  <testcase name="Test0" time="11.560" classname="test.TestInformation"/>
  <testcase name="Test1" time="9.771" classname="test.TestInformation"/>
  <testcase name="smoke1" time="0.118" classname="test.TestInformation"/>
  <testcase name="smoke2" time="5.778" classname="test.TestInformation"/>
  <testcase name="Test2" time="17.036" classname="test.TestInformation"/>
  <testcase name="Test3" time="1.285" classname="test.TestInformation"/>
  <testcase name="smoke3" time="0.080" classname="test.TestInformation"/>
  <testcase name="Test4" time="1.607" classname="test.TestInformation"/>
  <testcase name="smoke4" time="1.353" classname="test.TestInformation"/>
  <testcase name="Test5" time="17.313" classname="test.TestInformation"/>
  <testcase name="Test6" time="1.586" classname="test.TestInformation"/>
  <testcase name="Screenshots" time="4.080" classname="test.TestInformation"/>
</testsuite> <!-- test.TestInformation -->
