<?xml version="1.0" encoding="UTF-8"?>
<!-- Generated by org.testng.reporters.JUnitReportReporter -->
<testsuite skipped="0" hostname="DESKTOP-C64J8NP" name="test.TestInformation" tests="12" failures="0" timestamp="05 Aug 2020 12:28:54 GMT" time="135.652" errors="0">
  <testcase name="Test0" time="21.809" classname="test.TestInformation"/>
  <testcase name="Test1" time="11.991" classname="test.TestInformation"/>
  <testcase name="smoke1" time="0.850" classname="test.TestInformation"/>
  <testcase name="smoke2" time="47.497" classname="test.TestInformation"/>
  <testcase name="Test2" time="14.072" classname="test.TestInformation"/>
  <testcase name="smoke3" time="0.290" classname="test.TestInformation"/>
  <testcase name="Test3" time="15.537" classname="test.TestInformation"/>
  <testcase name="smoke4" time="0.242" classname="test.TestInformation"/>
  <testcase name="Test4" time="7.606" classname="test.TestInformation"/>
  <testcase name="Test5" time="9.677" classname="test.TestInformation"/>
  <testcase name="Test6" time="1.835" classname="test.TestInformation"/>
  <testcase name="Screenshots" time="4.246" classname="test.TestInformation"/>
</testsuite> <!-- test.TestInformation -->
